[[1;34mINFO[m] Scanning for projects...
[[1;34mINFO[m] 
[[1;34mINFO[m] [1m---------------< [0;36mcom.bank.customer:customer-domain-api[0;1m >----------------[m
[[1;34mINFO[m] [1mBuilding customer-domain-api 1.0.0-SNAPSHOT[m
[[1;34mINFO[m] [1m--------------------------------[ jar ]---------------------------------[m
[[1;34mINFO[m] 
[[1;34mINFO[m] [1m--- [0;32mmaven-resources-plugin:3.3.1:resources[m [1m(default-resources)[m @ [36mcustomer-domain-api[0;1m ---[m
[[1;34mINFO[m] Copying 1 resource from src/main/resources to target/classes
[[1;34mINFO[m] Copying 1 resource from src/main/resources to target/classes
[[1;34mINFO[m] 
[[1;34mINFO[m] [1m--- [0;32mmaven-compiler-plugin:3.11.0:compile[m [1m(default-compile)[m @ [36mcustomer-domain-api[0;1m ---[m
[[1;34mINFO[m] Nothing to compile - all classes are up to date
[[1;34mINFO[m] 
[[1;34mINFO[m] [1m--- [0;32mmaven-resources-plugin:3.3.1:testResources[m [1m(default-testResources)[m @ [36mcustomer-domain-api[0;1m ---[m
[[1;34mINFO[m] skip non existing resourceDirectory /home/apanoia/Sources/jaato/tests_enablement_2.0/test_1/customer-domain-api/src/test/resources
[[1;34mINFO[m] 
[[1;34mINFO[m] [1m--- [0;32mmaven-compiler-plugin:3.11.0:testCompile[m [1m(default-testCompile)[m @ [36mcustomer-domain-api[0;1m ---[m
[[1;34mINFO[m] Nothing to compile - all classes are up to date
[[1;34mINFO[m] 
[[1;34mINFO[m] [1m--- [0;32mmaven-surefire-plugin:3.1.2:test[m [1m(default-test)[m @ [36mcustomer-domain-api[0;1m ---[m
[[1;34mINFO[m] Using auto detected provider org.apache.maven.surefire.junitplatform.JUnitPlatformProvider
[[1;34mINFO[m] 
[[1;34mINFO[m] -------------------------------------------------------
[[1;34mINFO[m]  T E S T S
[[1;34mINFO[m] -------------------------------------------------------
[[1;34mINFO[m] Running com.bank.customer.controller.[1mCustomerControllerTest[m
19:52:32.291 [main] INFO org.springframework.test.context.support.AnnotationConfigContextLoaderUtils -- Could not detect default configuration classes for test class [com.bank.customer.controller.CustomerControllerTest]: CustomerControllerTest does not declare any static, non-private, non-final, nested classes annotated with @Configuration.
19:52:32.522 [main] INFO org.springframework.boot.test.context.SpringBootTestContextBootstrapper -- Found @SpringBootConfiguration com.bank.customer.Application for test class com.bank.customer.controller.CustomerControllerTest

  .   ____          _            __ _ _
 /\\ / ___'_ __ _ _(_)_ __  __ _ \ \ \ \
( ( )\___ | '_ | '_| | '_ \/ _` | \ \ \ \
 \\/  ___)| |_)| | | | | || (_| |  ) ) ) )
  '  |____| .__|_| |_|_| |_\__, | / / / /
 =========|_|==============|___/=/_/_/_/
 :: Spring Boot ::                (v3.2.5)

{"@timestamp":"2026-02-11T19:52:33.454720367+01:00","@version":"1","message":"Starting CustomerControllerTest using Java 17.0.18 with PID 848241 (started by apanoia in /home/apanoia/Sources/jaato/tests_enablement_2.0/test_1/customer-domain-api)","logger_name":"com.bank.customer.controller.CustomerControllerTest","thread_name":"main","level":"INFO","level_value":20000,"springAppName":"customer-domain-api","caller_class_name":"org.springframework.boot.StartupInfoLogger","caller_method_name":"logStarting","caller_file_name":"StartupInfoLogger.java","caller_line_number":50,"app_name":"customer-domain-api"}
{"@timestamp":"2026-02-11T19:52:33.471879321+01:00","@version":"1","message":"No active profile set, falling back to 1 default profile: \"default\"","logger_name":"com.bank.customer.controller.CustomerControllerTest","thread_name":"main","level":"INFO","level_value":20000,"springAppName":"customer-domain-api","caller_class_name":"org.springframework.boot.SpringApplication","caller_method_name":"logStartupProfileInfo","caller_file_name":"SpringApplication.java","caller_line_number":654,"app_name":"customer-domain-api"}
{"@timestamp":"2026-02-11T19:52:35.896387288+01:00","@version":"1","message":"Initializing Spring TestDispatcherServlet ''","logger_name":"org.springframework.boot.test.mock.web.SpringBootMockServletContext","thread_name":"main","level":"INFO","level_value":20000,"springAppName":"customer-domain-api","caller_class_name":"org.springframework.mock.web.MockServletContext","caller_method_name":"log","caller_file_name":"MockServletContext.java","caller_line_number":437,"app_name":"customer-domain-api"}
{"@timestamp":"2026-02-11T19:52:35.897900634+01:00","@version":"1","message":"Initializing Servlet ''","logger_name":"org.springframework.test.web.servlet.TestDispatcherServlet","thread_name":"main","level":"INFO","level_value":20000,"springAppName":"customer-domain-api","caller_class_name":"org.springframework.web.servlet.FrameworkServlet","caller_method_name":"initServletBean","caller_file_name":"FrameworkServlet.java","caller_line_number":532,"app_name":"customer-domain-api"}
{"@timestamp":"2026-02-11T19:52:35.903263075+01:00","@version":"1","message":"Completed initialization in 2 ms","logger_name":"org.springframework.test.web.servlet.TestDispatcherServlet","thread_name":"main","level":"INFO","level_value":20000,"springAppName":"customer-domain-api","caller_class_name":"org.springframework.web.servlet.FrameworkServlet","caller_method_name":"initServletBean","caller_file_name":"FrameworkServlet.java","caller_line_number":554,"app_name":"customer-domain-api"}
{"@timestamp":"2026-02-11T19:52:35.944765851+01:00","@version":"1","message":"Started CustomerControllerTest in 3.353 seconds (process running for 4.494)","logger_name":"com.bank.customer.controller.CustomerControllerTest","thread_name":"main","level":"INFO","level_value":20000,"springAppName":"customer-domain-api","caller_class_name":"org.springframework.boot.StartupInfoLogger","caller_method_name":"logStarted","caller_file_name":"StartupInfoLogger.java","caller_line_number":56,"app_name":"customer-domain-api"}
[[1;31mERROR[m] [1;31mTests [0;1mrun: [0;1m1[m, Failures: 0, [1;31mErrors: [0;1;31m1[m, Skipped: 0, Time elapsed: 3.949 s[1;31m <<< FAILURE![m -- in com.bank.customer.controller.[1mCustomerControllerTest[m
[[1;31mERROR[m] com.bank.customer.controller.CustomerControllerTest.getCustomerById_shouldReturnCustomer -- Time elapsed: 0.052 s <<< ERROR!
java.lang.Error: 
Unresolved compilation problems: 
	The method setId(UUID) is undefined for the type Customer
	The method setFirstName(String) is undefined for the type Customer
	The method setLastName(String) is undefined for the type Customer
	The method setStatus(CustomerStatus) is undefined for the type Customer
	The method setDateOfBirth(LocalDate) is undefined for the type Customer

	at com.bank.customer.controller.CustomerControllerTest.getCustomerById_shouldReturnCustomer(CustomerControllerTest.java:39)
	at java.base/java.lang.reflect.Method.invoke(Method.java:569)
	at java.base/java.util.ArrayList.forEach(ArrayList.java:1511)
	at java.base/java.util.ArrayList.forEach(ArrayList.java:1511)

[[1;34mINFO[m] 
[[1;34mINFO[m] Results:
[[1;34mINFO[m] 
[[1;31mERROR[m] [1;31mErrors: [m
[[1;31mERROR[m] [1;31m  CustomerControllerTest.getCustomerById_shouldReturnCustomer:39  Unresolved compilation problems: 
	The method setId(UUID) is undefined for the type Customer
	The method setFirstName(String) is undefined for the type Customer
	The method setLastName(String) is undefined for the type Customer
	The method setStatus(CustomerStatus) is undefined for the type Customer
	The method setDateOfBirth(LocalDate) is undefined for the type Customer
[m
[[1;34mINFO[m] 
[[1;31mERROR[m] [1;31mTests run: 1, Failures: 0, Errors: 1, Skipped: 0[m
[[1;34mINFO[m] 
[[1;34mINFO[m] [1m------------------------------------------------------------------------[m
[[1;34mINFO[m] [1;31mBUILD FAILURE[m
[[1;34mINFO[m] [1m------------------------------------------------------------------------[m
[[1;34mINFO[m] Total time:  6.630 s
[[1;34mINFO[m] Finished at: 2026-02-11T19:52:36+01:00
[[1;34mINFO[m] [1m------------------------------------------------------------------------[m
[[1;31mERROR[m] Failed to execute goal [32morg.apache.maven.plugins:maven-surefire-plugin:3.1.2:test[m [1m(default-test)[m on project [36mcustomer-domain-api[m: [1;31m[m
[[1;31mERROR[m] [1;31m[m
[[1;31mERROR[m] [1;31mPlease refer to /home/apanoia/Sources/jaato/tests_enablement_2.0/test_1/customer-domain-api/target/surefire-reports for the individual test results.[m
[[1;31mERROR[m] [1;31mPlease refer to dump files (if any exist) [date].dump, [date]-jvmRun[N].dump and [date].dumpstream.[m
[[1;31mERROR[m] -> [1m[Help 1][m
[[1;31mERROR[m] 
[[1;31mERROR[m] To see the full stack trace of the errors, re-run Maven with the [1m-e[m switch.
[[1;31mERROR[m] Re-run Maven using the [1m-X[m switch to enable full debug logging.
[[1;31mERROR[m] 
[[1;31mERROR[m] For more information about the errors and possible solutions, please read the following articles:
[[1;31mERROR[m] [1m[Help 1][m http://cwiki.apache.org/confluence/display/MAVEN/MojoFailureException
